<?xml version="1.0" encoding="UTF-8"?>
<!-- Generated by org.testng.reporters.JUnitXMLReporter -->
<testsuite ignored="0" hostname="DESKTOP-CVSSBQ4" failures="2" tests="35" name="Comerce Service" time="85.829" errors="0" timestamp="2022-02-06T21:05:54 PKT">
  <testcase classname="commerce_service.Createuser" name="create_local_user" time="2.31">
    <failure type="java.lang.AssertionError" message="1 expectation failed.
Expected status code &amp;lt;200&amp;gt; but was &amp;lt;406&amp;gt;.
">
      <![CDATA[java.lang.AssertionError: 1 expectation failed.
Expected status code <200> but was <406>.

at org.codehaus.groovy.runtime.callsite.ConstructorSite$ConstructorSiteNoUnwrapNoCoerce.callConstructor(ConstructorSite.java:105)
at org.codehaus.groovy.runtime.callsite.CallSiteArray.defaultCallConstructor(CallSiteArray.java:59)
at org.codehaus.groovy.runtime.callsite.AbstractCallSite.callConstructor(AbstractCallSite.java:263)
at org.codehaus.groovy.runtime.callsite.AbstractCallSite.callConstructor(AbstractCallSite.java:277)
at io.restassured.internal.ResponseSpecificationImpl$HamcrestAssertionClosure.validate(ResponseSpecificationImpl.groovy:499)
at io.restassured.internal.ResponseSpecificationImpl$HamcrestAssertionClosure$validate$1.call(Unknown Source)
at org.codehaus.groovy.runtime.callsite.CallSiteArray.defaultCall(CallSiteArray.java:47)
at org.codehaus.groovy.runtime.callsite.AbstractCallSite.call(AbstractCallSite.java:125)
at org.codehaus.groovy.runtime.callsite.AbstractCallSite.call(AbstractCallSite.java:139)
at io.restassured.internal.ResponseSpecificationImpl.validateResponseIfRequired(ResponseSpecificationImpl.groovy:684)
at org.codehaus.groovy.runtime.callsite.PlainObjectMetaMethodSite.doInvoke(PlainObjectMetaMethodSite.java:43)
at org.codehaus.groovy.runtime.callsite.PogoMetaMethodSite$PogoCachedMethodSiteNoUnwrapNoCoerce.invoke(PogoMetaMethodSite.java:193)
at org.codehaus.groovy.runtime.callsite.PogoMetaMethodSite.callCurrent(PogoMetaMethodSite.java:61)
at org.codehaus.groovy.runtime.callsite.CallSiteArray.defaultCallCurrent(CallSiteArray.java:51)
at org.codehaus.groovy.runtime.callsite.AbstractCallSite.callCurrent(AbstractCallSite.java:171)
at org.codehaus.groovy.runtime.callsite.AbstractCallSite.callCurrent(AbstractCallSite.java:185)
at io.restassured.internal.ResponseSpecificationImpl.statusCode(ResponseSpecificationImpl.groovy:127)
at io.restassured.specification.ResponseSpecification$statusCode$0.callCurrent(Unknown Source)
at org.codehaus.groovy.runtime.callsite.CallSiteArray.defaultCallCurrent(CallSiteArray.java:51)
at org.codehaus.groovy.runtime.callsite.AbstractCallSite.callCurrent(AbstractCallSite.java:171)
at org.codehaus.groovy.runtime.callsite.AbstractCallSite.callCurrent(AbstractCallSite.java:185)
at io.restassured.internal.ResponseSpecificationImpl.statusCode(ResponseSpecificationImpl.groovy:135)
at io.restassured.internal.ValidatableResponseOptionsImpl.statusCode(ValidatableResponseOptionsImpl.java:89)
at io.restassured.internal.ValidatableResponseImpl.super$2$statusCode(ValidatableResponseImpl.groovy)
at groovy.lang.MetaMethod.doMethodInvoke(MetaMethod.java:323)
at groovy.lang.MetaClassImpl.invokeMethod(MetaClassImpl.java:1268)
at org.codehaus.groovy.runtime.ScriptBytecodeAdapter.invokeMethodOnSuperN(ScriptBytecodeAdapter.java:144)
at io.restassured.internal.ValidatableResponseImpl.statusCode(ValidatableResponseImpl.groovy:142)
at io.restassured.internal.ValidatableResponseImpl.statusCode(ValidatableResponseImpl.groovy)
at commerce_service.Createuser.create_local_user(Createuser.java:24)
at java.base/java.util.ArrayList.forEach(ArrayList.java:1511)
... Removed 42 stack frames]]>
    </failure>
  </testcase> <!-- create_local_user -->
  <testcase classname="commerce_service.Login" name="login_user" time="4.111"/>
  <testcase classname="commerce_service.Login" name="login_user" time="4.039"/>
  <testcase classname="commerce_service.Userdetail" name="get_detail" time="4.494"/>
  <testcase classname="commerce_service.Login" name="login_user" time="3.423"/>
  <testcase classname="commerce_service.Createaddress" name="create_address" time="1.73"/>
  <testcase classname="commerce_service.Login" name="login_user" time="3.52"/>
  <testcase classname="commerce_service.Resetpasword" name="reset_password" time="2.409"/>
  <testcase classname="commerce_service.Login" name="login_user" time="3.235"/>
  <testcase classname="commerce_service.Createaddress" name="create_address" time="1.366"/>
  <testcase classname="commerce_service.Updateaddress" name="update_address" time="2.76"/>
  <testcase classname="commerce_service.Login" name="login_user" time="2.94"/>
  <testcase classname="commerce_service.Createaddress" name="create_address" time="1.263"/>
  <testcase classname="commerce_service.Addressbyid" name="get_addressby_id" time="1.617"/>
  <testcase classname="commerce_service.Login" name="login_user" time="2.646"/>
  <testcase classname="commerce_service.Getaddressofalluser" name="address_of_alluser" time="1.717"/>
  <testcase classname="commerce_service.Login" name="login_user" time="3.265"/>
  <testcase classname="commerce_service.Createaddress" name="create_address" time="1.272"/>
  <testcase classname="commerce_service.Setuserdefaultaddress" name="set_address" time="2.032"/>
  <testcase classname="commerce_service.Login" name="login_user" time="2.669"/>
  <testcase classname="commerce_service.Createaddress" name="create_address" time="1.323"/>
  <testcase classname="commerce_service.Unsetuserdefaultaddress" name="unset_address" time="1.566"/>
  <testcase classname="commerce_service.Login" name="login_user" time="2.828"/>
  <testcase classname="commerce_service.Createaddress" name="create_address" time="0.844"/>
  <testcase classname="commerce_service.Deleteaddress" name="del_address" time="1.259"/>
  <testcase classname="commerce_service.Login" name="login_user" time="3.289"/>
  <testcase classname="commerce_service.Refreshtoken" name="token_refresh" time="2.019"/>
  <testcase classname="commerce_service.Login" name="login_user" time="3.872"/>
  <testcase classname="commerce_service.Createguestuser" name="guest_user" time="0.792"/>
  <testcase classname="commerce_service.Login" name="login_user" time="3.896"/>
  <testcase classname="commerce_service.Changepassword" name="change_password" time="2.002"/>
  <testcase classname="commerce_service.Login" name="login_user" time="3.681"/>
  <testcase classname="commerce_service.Resetpasswordtoken" name="reset_password_token" time="1.111"/>
  <testcase classname="commerce_service.Login" name="login_user" time="3.398"/>
  <testcase classname="commerce_service.Updateusername" name="update_name" time="1.068">
    <failure type="java.lang.AssertionError" message="1 expectation failed.
Expected status code &amp;lt;200&amp;gt; but was &amp;lt;406&amp;gt;.
">
      <![CDATA[java.lang.AssertionError: 1 expectation failed.
Expected status code <200> but was <406>.

at org.codehaus.groovy.runtime.callsite.ConstructorSite$ConstructorSiteNoUnwrapNoCoerce.callConstructor(ConstructorSite.java:105)
at org.codehaus.groovy.runtime.callsite.AbstractCallSite.callConstructor(AbstractCallSite.java:277)
at io.restassured.internal.ResponseSpecificationImpl$HamcrestAssertionClosure.validate(ResponseSpecificationImpl.groovy:499)
at io.restassured.internal.ResponseSpecificationImpl$HamcrestAssertionClosure$validate$1.call(Unknown Source)
at io.restassured.internal.ResponseSpecificationImpl.validateResponseIfRequired(ResponseSpecificationImpl.groovy:684)
at org.codehaus.groovy.runtime.callsite.PlainObjectMetaMethodSite.doInvoke(PlainObjectMetaMethodSite.java:43)
at org.codehaus.groovy.runtime.callsite.PogoMetaMethodSite$PogoCachedMethodSiteNoUnwrapNoCoerce.invoke(PogoMetaMethodSite.java:193)
at org.codehaus.groovy.runtime.callsite.PogoMetaMethodSite.callCurrent(PogoMetaMethodSite.java:61)
at org.codehaus.groovy.runtime.callsite.AbstractCallSite.callCurrent(AbstractCallSite.java:185)
at io.restassured.internal.ResponseSpecificationImpl.statusCode(ResponseSpecificationImpl.groovy:127)
at io.restassured.specification.ResponseSpecification$statusCode$0.callCurrent(Unknown Source)
at io.restassured.internal.ResponseSpecificationImpl.statusCode(ResponseSpecificationImpl.groovy:135)
at io.restassured.internal.ValidatableResponseOptionsImpl.statusCode(ValidatableResponseOptionsImpl.java:89)
at io.restassured.internal.ValidatableResponseImpl.super$2$statusCode(ValidatableResponseImpl.groovy)
at groovy.lang.MetaMethod.doMethodInvoke(MetaMethod.java:323)
at groovy.lang.MetaClassImpl.invokeMethod(MetaClassImpl.java:1268)
at org.codehaus.groovy.runtime.ScriptBytecodeAdapter.invokeMethodOnSuperN(ScriptBytecodeAdapter.java:144)
at io.restassured.internal.ValidatableResponseImpl.statusCode(ValidatableResponseImpl.groovy:142)
at io.restassured.internal.ValidatableResponseImpl.statusCode(ValidatableResponseImpl.groovy)
at commerce_service.Updateusername.update_name(Updateusername.java:19)
at java.base/java.util.ArrayList.forEach(ArrayList.java:1511)
... Removed 40 stack frames]]>
    </failure>
  </testcase> <!-- update_name -->
</testsuite> <!-- Comerce Service -->
